<?xml version="1.0" encoding="UTF-8"?>
<!-- Generated by org.testng.reporters.JUnitReportReporter -->
<testsuite hostname="IN1-1030205LT" failures="0" tests="3" name="GradleTest_RestAutomation.post_Test" time="0.815" errors="0" timestamp="21 Apr 2023 16:30:06 GMT" skipped="1">
  <testcase classname="GradleTest_RestAutomation.post_Test" name="postwithpojo" time="0.570"/>
  <testcase classname="GradleTest_RestAutomation.post_Test" name="postwithpojo_userreg" time="0.245"/>
  <testcase classname="GradleTest_RestAutomation.post_Test" name="postwithexternalfile">
    <skipped/>
  </testcase> <!-- postwithexternalfile -->
</testsuite> <!-- GradleTest_RestAutomation.post_Test -->
