<?xml version="1.0" encoding="UTF-8"?>
<!-- Generated by org.testng.reporters.JUnitReportReporter -->
<testsuite hostname="IN1-1030205LT" failures="0" tests="6" name="GradleTest_RestAutomation.Getmethod" time="2.892" errors="0" timestamp="21 Apr 2023 16:30:06 GMT" skipped="0">
  <testcase classname="GradleTest_RestAutomation.Getmethod" name="detailsof7thid" time="2.605"/>
  <testcase classname="GradleTest_RestAutomation.Getmethod" name="getting_the_headers" time="0.042"/>
  <testcase classname="GradleTest_RestAutomation.Getmethod" name="getting_the_Responsebody" time="0.047"/>
  <testcase classname="GradleTest_RestAutomation.Getmethod" name="statuscodetest" time="0.041"/>
  <testcase classname="GradleTest_RestAutomation.Getmethod" name="page_total" time="0.048"/>
  <testcase classname="GradleTest_RestAutomation.Getmethod" name="getnamesfromlist" time="0.109"/>
</testsuite> <!-- GradleTest_RestAutomation.Getmethod -->
